app/build/intermediates/manifest_merge_blame_file/debug/manifest-merger-blame-debug-report.txt
1<?xml version="1.0" encoding="utf-8"?>
2<manifest xmlns:android="http://schemas.android.com/apk/res/android"
3    package="com.smdsa.sqlitewithroom"
4    android:versionCode="1"
5    android:versionName="1.0" >
6
7    <uses-sdk
8        android:minSdkVersion="28"
8-->src/main/AndroidManifest.xml
9        android:targetSdkVersion="32" />
9-->src/main/AndroidManifest.xml
10
11    <application
11-->src/main/AndroidManifest.xml:5:5-21:19
12        android:allowBackup="true"
12-->src/main/AndroidManifest.xml:6:9-35
13        android:appComponentFactory="androidx.core.app.CoreComponentFactory"
13-->[androidx.core:core:1.7.0] AndroidManifest.xml:24:18-86
14        android:debuggable="true"
15        android:extractNativeLibs="false"
16        android:icon="@drawable/icon"
16-->src/main/AndroidManifest.xml:7:9-38
17        android:label="@string/app_name"
17-->src/main/AndroidManifest.xml:8:9-41
18        android:roundIcon="@drawable/icon"
18-->src/main/AndroidManifest.xml:9:9-43
19        android:supportsRtl="true"
19-->src/main/AndroidManifest.xml:10:9-35
20        android:theme="@style/Theme.SQLiteWithRoom" >
20-->src/main/AndroidManifest.xml:11:9-52
21        <activity
21-->src/main/AndroidManifest.xml:12:9-20:20
22            android:name="com.smdsa.sqlitewithroom.MainActivity"
22-->src/main/AndroidManifest.xml:13:13-41
23            android:exported="true" >
23-->src/main/AndroidManifest.xml:14:13-36
24            <intent-filter>
24-->src/main/AndroidManifest.xml:15:13-19:29
25                <action android:name="android.intent.action.MAIN" />
25-->src/main/AndroidManifest.xml:16:17-69
25-->src/main/AndroidManifest.xml:16:25-66
26
27                <category android:name="android.intent.category.LAUNCHER" />
27-->src/main/AndroidManifest.xml:18:17-77
27-->src/main/AndroidManifest.xml:18:27-74
28            </intent-filter>
29        </activity>
30
31        <uses-library
31-->[androidx.window:window:1.0.0] AndroidManifest.xml:25:9-27:40
32            android:name="androidx.window.extensions"
32-->[androidx.window:window:1.0.0] AndroidManifest.xml:26:13-54
33            android:required="false" />
33-->[androidx.window:window:1.0.0] AndroidManifest.xml:27:13-37
34        <uses-library
34-->[androidx.window:window:1.0.0] AndroidManifest.xml:28:9-30:40
35            android:name="androidx.window.sidecar"
35-->[androidx.window:window:1.0.0] AndroidManifest.xml:29:13-51
36            android:required="false" />
36-->[androidx.window:window:1.0.0] AndroidManifest.xml:30:13-37
37
38        <service
38-->[androidx.room:room-runtime:2.4.2] AndroidManifest.xml:25:9-28:40
39            android:name="androidx.room.MultiInstanceInvalidationService"
39-->[androidx.room:room-runtime:2.4.2] AndroidManifest.xml:26:13-74
40            android:directBootAware="true"
40-->[androidx.room:room-runtime:2.4.2] AndroidManifest.xml:27:13-43
41            android:exported="false" />
41-->[androidx.room:room-runtime:2.4.2] AndroidManifest.xml:28:13-37
42
43        <provider
43-->[androidx.emoji2:emoji2:1.0.0] AndroidManifest.xml:26:9-34:20
44            android:name="androidx.startup.InitializationProvider"
44-->[androidx.emoji2:emoji2:1.0.0] AndroidManifest.xml:27:13-67
45            android:authorities="com.smdsa.sqlitewithroom.androidx-startup"
45-->[androidx.emoji2:emoji2:1.0.0] AndroidManifest.xml:28:13-68
46            android:exported="false" >
46-->[androidx.emoji2:emoji2:1.0.0] AndroidManifest.xml:29:13-37
47            <meta-data
47-->[androidx.emoji2:emoji2:1.0.0] AndroidManifest.xml:31:13-33:52
48                android:name="androidx.emoji2.text.EmojiCompatInitializer"
48-->[androidx.emoji2:emoji2:1.0.0] AndroidManifest.xml:32:17-75
49                android:value="androidx.startup" />
49-->[androidx.emoji2:emoji2:1.0.0] AndroidManifest.xml:33:17-49
50            <meta-data
50-->[androidx.lifecycle:lifecycle-process:2.4.0] AndroidManifest.xml:31:13-33:52
51                android:name="androidx.lifecycle.ProcessLifecycleInitializer"
51-->[androidx.lifecycle:lifecycle-process:2.4.0] AndroidManifest.xml:32:17-78
52                android:value="androidx.startup" />
52-->[androidx.lifecycle:lifecycle-process:2.4.0] AndroidManifest.xml:33:17-49
53        </provider>
54    </application>
55
56</manifest>